[2026-05-06T08:43:52.568+0000] {local_task_job_runner.py:120} INFO - ::group::Pre task execution logs
[2026-05-06T08:43:52.632+0000] {taskinstance.py:2076} INFO - Dependencies all met for dep_context=non-requeueable deps ti=<TaskInstance: eod_pipeline.kite_ingest manual__2026-05-06T08:43:51.250287+00:00 [queued]>
[2026-05-06T08:43:52.647+0000] {taskinstance.py:2076} INFO - Dependencies all met for dep_context=requeueable deps ti=<TaskInstance: eod_pipeline.kite_ingest manual__2026-05-06T08:43:51.250287+00:00 [queued]>
[2026-05-06T08:43:52.649+0000] {taskinstance.py:2306} INFO - Starting attempt 1 of 2
[2026-05-06T08:43:52.686+0000] {taskinstance.py:2330} INFO - Executing <Task(BashOperator): kite_ingest> on 2026-05-06 08:43:51.250287+00:00
[2026-05-06T08:43:52.706+0000] {standard_task_runner.py:63} INFO - Started process 179 to run task
[2026-05-06T08:43:52.713+0000] {standard_task_runner.py:90} INFO - Running: ['airflow', 'tasks', 'run', 'eod_pipeline', 'kite_ingest', 'manual__2026-05-06T08:43:51.250287+00:00', '--job-id', '12', '--raw', '--subdir', 'DAGS_FOLDER/eod_pipeline.py', '--cfg-path', '/tmp/tmptrytu_nd']
[2026-05-06T08:43:52.717+0000] {standard_task_runner.py:91} INFO - Job 12: Subtask kite_ingest
[2026-05-06T08:43:52.888+0000] {task_command.py:426} INFO - Running <TaskInstance: eod_pipeline.kite_ingest manual__2026-05-06T08:43:51.250287+00:00 [running]> on host 5dca028b968f
[2026-05-06T08:43:53.389+0000] {taskinstance.py:2648} INFO - Exporting env vars: AIRFLOW_CTX_DAG_OWNER='bhavya' AIRFLOW_CTX_DAG_ID='eod_pipeline' AIRFLOW_CTX_TASK_ID='kite_ingest' AIRFLOW_CTX_EXECUTION_DATE='2026-05-06T08:43:51.250287+00:00' AIRFLOW_CTX_TRY_NUMBER='1' AIRFLOW_CTX_DAG_RUN_ID='manual__2026-05-06T08:43:51.250287+00:00'
[2026-05-06T08:43:53.390+0000] {taskinstance.py:430} INFO - ::endgroup::
[2026-05-06T08:43:53.440+0000] {subprocess.py:63} INFO - Tmp dir root location: /tmp
[2026-05-06T08:43:53.444+0000] {subprocess.py:75} INFO - Running command: ['/usr/bin/bash', '-c', 'python /opt/airflow/scripts/kite_ingest.py']
[2026-05-06T08:43:53.470+0000] {subprocess.py:86} INFO - Output:
[2026-05-06T08:44:15.745+0000] {subprocess.py:93} INFO - Fetching EOD for 135 stocks on 2026-05-06.
[2026-05-06T08:44:15.747+0000] {subprocess.py:93} INFO - Fetched: 135 | Failed: 0
[2026-05-06T08:44:15.748+0000] {subprocess.py:93} INFO - Traceback (most recent call last):
[2026-05-06T08:44:15.749+0000] {subprocess.py:93} INFO -   File "/opt/airflow/scripts/kite_ingest.py", line 91, in <module>
[2026-05-06T08:44:15.753+0000] {subprocess.py:93} INFO -     run()
[2026-05-06T08:44:15.754+0000] {subprocess.py:93} INFO -   File "/opt/airflow/scripts/kite_ingest.py", line 84, in run
[2026-05-06T08:44:15.759+0000] {subprocess.py:93} INFO -     conn = psycopg2.connect(**DB_CONFIG)
[2026-05-06T08:44:15.760+0000] {subprocess.py:93} INFO -            ^^^^^^^^^^^^^^^^^^^^^^^^^^^^^
[2026-05-06T08:44:15.761+0000] {subprocess.py:93} INFO -   File "/home/airflow/.local/lib/python3.11/site-packages/psycopg2/__init__.py", line 122, in connect
[2026-05-06T08:44:15.763+0000] {subprocess.py:93} INFO -     conn = _connect(dsn, connection_factory=connection_factory, **kwasync)
[2026-05-06T08:44:15.764+0000] {subprocess.py:93} INFO -            ^^^^^^^^^^^^^^^^^^^^^^^^^^^^^^^^^^^^^^^^^^^^^^^^^^^^^^^^^^^^^^^
[2026-05-06T08:44:15.764+0000] {subprocess.py:93} INFO - psycopg2.OperationalError: connection to server at "localhost" (::1), port 5433 failed: Connection refused
[2026-05-06T08:44:15.765+0000] {subprocess.py:93} INFO - 	Is the server running on that host and accepting TCP/IP connections?
[2026-05-06T08:44:15.766+0000] {subprocess.py:93} INFO - connection to server at "localhost" (127.0.0.1), port 5433 failed: Connection refused
[2026-05-06T08:44:15.767+0000] {subprocess.py:93} INFO - 	Is the server running on that host and accepting TCP/IP connections?
[2026-05-06T08:44:15.768+0000] {subprocess.py:93} INFO - 
[2026-05-06T08:44:16.063+0000] {subprocess.py:97} INFO - Command exited with return code 1
[2026-05-06T08:44:16.066+0000] {taskinstance.py:441} INFO - ::group::Post task execution logs
[2026-05-06T08:44:16.099+0000] {taskinstance.py:2905} ERROR - Task failed with exception
Traceback (most recent call last):
  File "/home/airflow/.local/lib/python3.11/site-packages/airflow/models/taskinstance.py", line 465, in _execute_task
    result = _execute_callable(context=context, **execute_callable_kwargs)
             ^^^^^^^^^^^^^^^^^^^^^^^^^^^^^^^^^^^^^^^^^^^^^^^^^^^^^^^^^^^^^
  File "/home/airflow/.local/lib/python3.11/site-packages/airflow/models/taskinstance.py", line 432, in _execute_callable
    return execute_callable(context=context, **execute_callable_kwargs)
           ^^^^^^^^^^^^^^^^^^^^^^^^^^^^^^^^^^^^^^^^^^^^^^^^^^^^^^^^^^^^
  File "/home/airflow/.local/lib/python3.11/site-packages/airflow/models/baseoperator.py", line 401, in wrapper
    return func(self, *args, **kwargs)
           ^^^^^^^^^^^^^^^^^^^^^^^^^^^
  File "/home/airflow/.local/lib/python3.11/site-packages/airflow/operators/bash.py", line 243, in execute
    raise AirflowException(
airflow.exceptions.AirflowException: Bash command failed. The command returned a non-zero exit code 1.
[2026-05-06T08:44:16.110+0000] {taskinstance.py:1206} INFO - Marking task as UP_FOR_RETRY. dag_id=eod_pipeline, task_id=kite_ingest, run_id=manual__2026-05-06T08:43:51.250287+00:00, execution_date=20260506T084351, start_date=20260506T084352, end_date=20260506T084416
[2026-05-06T08:44:16.144+0000] {standard_task_runner.py:110} ERROR - Failed to execute job 12 for task kite_ingest (Bash command failed. The command returned a non-zero exit code 1.; 179)
[2026-05-06T08:44:16.203+0000] {local_task_job_runner.py:240} INFO - Task exited with return code 1
[2026-05-06T08:44:16.247+0000] {taskinstance.py:3503} INFO - 0 downstream tasks scheduled from follow-on schedule check
[2026-05-06T08:44:16.251+0000] {local_task_job_runner.py:222} INFO - ::endgroup::
