[2026-05-06T08:49:17.396+0000] {local_task_job_runner.py:120} INFO - ::group::Pre task execution logs
[2026-05-06T08:49:17.462+0000] {taskinstance.py:2076} INFO - Dependencies all met for dep_context=non-requeueable deps ti=<TaskInstance: eod_pipeline.kite_ingest manual__2026-05-06T08:43:51.250287+00:00 [queued]>
[2026-05-06T08:49:17.478+0000] {taskinstance.py:2076} INFO - Dependencies all met for dep_context=requeueable deps ti=<TaskInstance: eod_pipeline.kite_ingest manual__2026-05-06T08:43:51.250287+00:00 [queued]>
[2026-05-06T08:49:17.486+0000] {taskinstance.py:2306} INFO - Starting attempt 2 of 2
[2026-05-06T08:49:17.511+0000] {taskinstance.py:2330} INFO - Executing <Task(BashOperator): kite_ingest> on 2026-05-06 08:43:51.250287+00:00
[2026-05-06T08:49:17.523+0000] {standard_task_runner.py:63} INFO - Started process 282 to run task
[2026-05-06T08:49:17.533+0000] {standard_task_runner.py:90} INFO - Running: ['airflow', 'tasks', 'run', 'eod_pipeline', 'kite_ingest', 'manual__2026-05-06T08:43:51.250287+00:00', '--job-id', '15', '--raw', '--subdir', 'DAGS_FOLDER/eod_pipeline.py', '--cfg-path', '/tmp/tmpg3zn9_qk']
[2026-05-06T08:49:17.541+0000] {standard_task_runner.py:91} INFO - Job 15: Subtask kite_ingest
[2026-05-06T08:49:17.691+0000] {task_command.py:426} INFO - Running <TaskInstance: eod_pipeline.kite_ingest manual__2026-05-06T08:43:51.250287+00:00 [running]> on host 5dca028b968f
[2026-05-06T08:49:18.254+0000] {taskinstance.py:2648} INFO - Exporting env vars: AIRFLOW_CTX_DAG_OWNER='bhavya' AIRFLOW_CTX_DAG_ID='eod_pipeline' AIRFLOW_CTX_TASK_ID='kite_ingest' AIRFLOW_CTX_EXECUTION_DATE='2026-05-06T08:43:51.250287+00:00' AIRFLOW_CTX_TRY_NUMBER='2' AIRFLOW_CTX_DAG_RUN_ID='manual__2026-05-06T08:43:51.250287+00:00'
[2026-05-06T08:49:18.256+0000] {taskinstance.py:430} INFO - ::endgroup::
[2026-05-06T08:49:18.276+0000] {subprocess.py:63} INFO - Tmp dir root location: /tmp
[2026-05-06T08:49:18.279+0000] {subprocess.py:75} INFO - Running command: ['/usr/bin/bash', '-c', 'python /opt/airflow/scripts/kite_ingest.py']
[2026-05-06T08:49:18.304+0000] {subprocess.py:86} INFO - Output:
[2026-05-06T08:49:33.919+0000] {subprocess.py:93} INFO - Fetching EOD for 135 stocks on 2026-05-06.
[2026-05-06T08:49:33.921+0000] {subprocess.py:93} INFO - Fetched: 135 | Failed: 0
[2026-05-06T08:49:33.924+0000] {subprocess.py:93} INFO - Data inserted into raw.eod_prices.
[2026-05-06T08:49:34.329+0000] {subprocess.py:97} INFO - Command exited with return code 0
[2026-05-06T08:49:34.331+0000] {taskinstance.py:441} INFO - ::group::Post task execution logs
[2026-05-06T08:49:34.391+0000] {taskinstance.py:1206} INFO - Marking task as SUCCESS. dag_id=eod_pipeline, task_id=kite_ingest, run_id=manual__2026-05-06T08:43:51.250287+00:00, execution_date=20260506T084351, start_date=20260506T084917, end_date=20260506T084934
[2026-05-06T08:49:34.478+0000] {local_task_job_runner.py:240} INFO - Task exited with return code 0
[2026-05-06T08:49:34.516+0000] {taskinstance.py:3503} INFO - 1 downstream tasks scheduled from follow-on schedule check
[2026-05-06T08:49:34.529+0000] {local_task_job_runner.py:222} INFO - ::endgroup::
