[2026-05-06T08:49:35.125+0000] {local_task_job_runner.py:120} INFO - ::group::Pre task execution logs
[2026-05-06T08:49:35.190+0000] {taskinstance.py:2076} INFO - Dependencies all met for dep_context=non-requeueable deps ti=<TaskInstance: eod_pipeline.dbt_run manual__2026-05-06T08:43:51.250287+00:00 [queued]>
[2026-05-06T08:49:35.207+0000] {taskinstance.py:2076} INFO - Dependencies all met for dep_context=requeueable deps ti=<TaskInstance: eod_pipeline.dbt_run manual__2026-05-06T08:43:51.250287+00:00 [queued]>
[2026-05-06T08:49:35.209+0000] {taskinstance.py:2306} INFO - Starting attempt 1 of 2
[2026-05-06T08:49:35.233+0000] {taskinstance.py:2330} INFO - Executing <Task(BashOperator): dbt_run> on 2026-05-06 08:43:51.250287+00:00
[2026-05-06T08:49:35.246+0000] {standard_task_runner.py:63} INFO - Started process 302 to run task
[2026-05-06T08:49:35.253+0000] {standard_task_runner.py:90} INFO - Running: ['airflow', 'tasks', 'run', 'eod_pipeline', 'dbt_run', 'manual__2026-05-06T08:43:51.250287+00:00', '--job-id', '16', '--raw', '--subdir', 'DAGS_FOLDER/eod_pipeline.py', '--cfg-path', '/tmp/tmpmxc37e21']
[2026-05-06T08:49:35.258+0000] {standard_task_runner.py:91} INFO - Job 16: Subtask dbt_run
[2026-05-06T08:49:35.385+0000] {task_command.py:426} INFO - Running <TaskInstance: eod_pipeline.dbt_run manual__2026-05-06T08:43:51.250287+00:00 [running]> on host 5dca028b968f
[2026-05-06T08:49:35.792+0000] {taskinstance.py:2648} INFO - Exporting env vars: AIRFLOW_CTX_DAG_OWNER='bhavya' AIRFLOW_CTX_DAG_ID='eod_pipeline' AIRFLOW_CTX_TASK_ID='dbt_run' AIRFLOW_CTX_EXECUTION_DATE='2026-05-06T08:43:51.250287+00:00' AIRFLOW_CTX_TRY_NUMBER='1' AIRFLOW_CTX_DAG_RUN_ID='manual__2026-05-06T08:43:51.250287+00:00'
[2026-05-06T08:49:35.793+0000] {taskinstance.py:430} INFO - ::endgroup::
[2026-05-06T08:49:35.811+0000] {subprocess.py:63} INFO - Tmp dir root location: /tmp
[2026-05-06T08:49:35.814+0000] {subprocess.py:75} INFO - Running command: ['/usr/bin/bash', '-c', 'cd /opt/airflow/dbt && dbt run --profiles-dir /opt/airflow/dbt']
[2026-05-06T08:49:35.839+0000] {subprocess.py:86} INFO - Output:
[2026-05-06T08:49:39.919+0000] {subprocess.py:93} INFO - [0m08:49:39  Running with dbt=1.11.8
[2026-05-06T08:49:40.405+0000] {subprocess.py:93} INFO - [0m08:49:40  Registered adapter: postgres=1.10.0
[2026-05-06T08:49:41.354+0000] {subprocess.py:93} INFO - [0m08:49:41  Found 4 models, 1 source, 466 macros
[2026-05-06T08:49:41.362+0000] {subprocess.py:93} INFO - [0m08:49:41
[2026-05-06T08:49:41.365+0000] {subprocess.py:93} INFO - [0m08:49:41  Concurrency: 1 threads (target='dev')
[2026-05-06T08:49:41.368+0000] {subprocess.py:93} INFO - [0m08:49:41
[2026-05-06T08:49:41.710+0000] {subprocess.py:93} INFO - [0m08:49:41  1 of 4 START sql view model staging.stg_eod_prices ............................. [RUN]
[2026-05-06T08:49:41.965+0000] {subprocess.py:93} INFO - [0m08:49:41  1 of 4 OK created sql view model staging.stg_eod_prices ........................ [[32mCREATE VIEW[0m in 0.25s]
[2026-05-06T08:49:41.976+0000] {subprocess.py:93} INFO - [0m08:49:41  2 of 4 START sql table model marts.mart_eod_returns ............................ [RUN]
[2026-05-06T08:49:42.176+0000] {subprocess.py:93} INFO - [0m08:49:42  2 of 4 OK created sql table model marts.mart_eod_returns ....................... [[32mSELECT 270[0m in 0.19s]
[2026-05-06T08:49:42.184+0000] {subprocess.py:93} INFO - [0m08:49:42  3 of 4 START sql table model marts.mart_moving_averages ........................ [RUN]
[2026-05-06T08:49:42.351+0000] {subprocess.py:93} INFO - [0m08:49:42  3 of 4 OK created sql table model marts.mart_moving_averages ................... [[32mSELECT 270[0m in 0.16s]
[2026-05-06T08:49:42.362+0000] {subprocess.py:93} INFO - [0m08:49:42  4 of 4 START sql table model marts.mart_volatility ............................. [RUN]
[2026-05-06T08:49:42.549+0000] {subprocess.py:93} INFO - [0m08:49:42  4 of 4 OK created sql table model marts.mart_volatility ........................ [[32mSELECT 270[0m in 0.18s]
[2026-05-06T08:49:42.595+0000] {subprocess.py:93} INFO - [0m08:49:42
[2026-05-06T08:49:42.598+0000] {subprocess.py:93} INFO - [0m08:49:42  Finished running 3 table models, 1 view model in 0 hours 0 minutes and 1.22 seconds (1.22s).
[2026-05-06T08:49:42.736+0000] {subprocess.py:93} INFO - [0m08:49:42
[2026-05-06T08:49:42.739+0000] {subprocess.py:93} INFO - [0m08:49:42  [32mCompleted successfully[0m
[2026-05-06T08:49:42.742+0000] {subprocess.py:93} INFO - [0m08:49:42
[2026-05-06T08:49:42.746+0000] {subprocess.py:93} INFO - [0m08:49:42  Done. PASS=4 WARN=0 ERROR=0 SKIP=0 NO-OP=0 TOTAL=4
[2026-05-06T08:49:45.286+0000] {subprocess.py:97} INFO - Command exited with return code 0
[2026-05-06T08:49:45.288+0000] {taskinstance.py:441} INFO - ::group::Post task execution logs
[2026-05-06T08:49:45.345+0000] {taskinstance.py:1206} INFO - Marking task as SUCCESS. dag_id=eod_pipeline, task_id=dbt_run, run_id=manual__2026-05-06T08:43:51.250287+00:00, execution_date=20260506T084351, start_date=20260506T084935, end_date=20260506T084945
[2026-05-06T08:49:45.428+0000] {local_task_job_runner.py:240} INFO - Task exited with return code 0
[2026-05-06T08:49:45.461+0000] {taskinstance.py:3503} INFO - 0 downstream tasks scheduled from follow-on schedule check
[2026-05-06T08:49:45.465+0000] {local_task_job_runner.py:222} INFO - ::endgroup::
