[2026-05-06T08:46:40.769+0000] {local_task_job_runner.py:120} INFO - ::group::Pre task execution logs
[2026-05-06T08:46:40.831+0000] {taskinstance.py:2076} INFO - Dependencies all met for dep_context=non-requeueable deps ti=<TaskInstance: eod_pipeline.dbt_run manual__2026-05-06T08:46:20.856579+00:00 [queued]>
[2026-05-06T08:46:40.846+0000] {taskinstance.py:2076} INFO - Dependencies all met for dep_context=requeueable deps ti=<TaskInstance: eod_pipeline.dbt_run manual__2026-05-06T08:46:20.856579+00:00 [queued]>
[2026-05-06T08:46:40.854+0000] {taskinstance.py:2306} INFO - Starting attempt 1 of 2
[2026-05-06T08:46:40.877+0000] {taskinstance.py:2330} INFO - Executing <Task(BashOperator): dbt_run> on 2026-05-06 08:46:20.856579+00:00
[2026-05-06T08:46:40.887+0000] {standard_task_runner.py:63} INFO - Started process 234 to run task
[2026-05-06T08:46:40.896+0000] {standard_task_runner.py:90} INFO - Running: ['airflow', 'tasks', 'run', 'eod_pipeline', 'dbt_run', 'manual__2026-05-06T08:46:20.856579+00:00', '--job-id', '14', '--raw', '--subdir', 'DAGS_FOLDER/eod_pipeline.py', '--cfg-path', '/tmp/tmpbm544l9x']
[2026-05-06T08:46:40.900+0000] {standard_task_runner.py:91} INFO - Job 14: Subtask dbt_run
[2026-05-06T08:46:41.034+0000] {task_command.py:426} INFO - Running <TaskInstance: eod_pipeline.dbt_run manual__2026-05-06T08:46:20.856579+00:00 [running]> on host 5dca028b968f
[2026-05-06T08:46:41.521+0000] {taskinstance.py:2648} INFO - Exporting env vars: AIRFLOW_CTX_DAG_OWNER='bhavya' AIRFLOW_CTX_DAG_ID='eod_pipeline' AIRFLOW_CTX_TASK_ID='dbt_run' AIRFLOW_CTX_EXECUTION_DATE='2026-05-06T08:46:20.856579+00:00' AIRFLOW_CTX_TRY_NUMBER='1' AIRFLOW_CTX_DAG_RUN_ID='manual__2026-05-06T08:46:20.856579+00:00'
[2026-05-06T08:46:41.523+0000] {taskinstance.py:430} INFO - ::endgroup::
[2026-05-06T08:46:41.540+0000] {subprocess.py:63} INFO - Tmp dir root location: /tmp
[2026-05-06T08:46:41.542+0000] {subprocess.py:75} INFO - Running command: ['/usr/bin/bash', '-c', 'cd /opt/airflow/dbt && dbt run --profiles-dir /opt/airflow/dbt']
[2026-05-06T08:46:41.566+0000] {subprocess.py:86} INFO - Output:
[2026-05-06T08:46:45.796+0000] {subprocess.py:93} INFO - [0m08:46:45  Running with dbt=1.11.8
[2026-05-06T08:46:46.364+0000] {subprocess.py:93} INFO - [0m08:46:46  Registered adapter: postgres=1.10.0
[2026-05-06T08:46:46.690+0000] {subprocess.py:93} INFO - [0m08:46:46  Unable to do partial parsing because profile has changed
[2026-05-06T08:46:48.508+0000] {subprocess.py:93} INFO - [0m08:46:48  Found 4 models, 1 source, 466 macros
[2026-05-06T08:46:48.515+0000] {subprocess.py:93} INFO - [0m08:46:48
[2026-05-06T08:46:48.518+0000] {subprocess.py:93} INFO - [0m08:46:48  Concurrency: 1 threads (target='dev')
[2026-05-06T08:46:48.521+0000] {subprocess.py:93} INFO - [0m08:46:48
[2026-05-06T08:46:48.808+0000] {subprocess.py:93} INFO - [0m08:46:48  1 of 4 START sql view model staging.stg_eod_prices ............................. [RUN]
[2026-05-06T08:46:49.072+0000] {subprocess.py:93} INFO - [0m08:46:49  1 of 4 OK created sql view model staging.stg_eod_prices ........................ [[32mCREATE VIEW[0m in 0.25s]
[2026-05-06T08:46:49.080+0000] {subprocess.py:93} INFO - [0m08:46:49  2 of 4 START sql table model marts.mart_eod_returns ............................ [RUN]
[2026-05-06T08:46:49.319+0000] {subprocess.py:93} INFO - [0m08:46:49  2 of 4 OK created sql table model marts.mart_eod_returns ....................... [[32mSELECT 270[0m in 0.23s]
[2026-05-06T08:46:49.329+0000] {subprocess.py:93} INFO - [0m08:46:49  3 of 4 START sql table model marts.mart_moving_averages ........................ [RUN]
[2026-05-06T08:46:49.500+0000] {subprocess.py:93} INFO - [0m08:46:49  3 of 4 OK created sql table model marts.mart_moving_averages ................... [[32mSELECT 270[0m in 0.17s]
[2026-05-06T08:46:49.509+0000] {subprocess.py:93} INFO - [0m08:46:49  4 of 4 START sql table model marts.mart_volatility ............................. [RUN]
[2026-05-06T08:46:49.664+0000] {subprocess.py:93} INFO - [0m08:46:49  4 of 4 OK created sql table model marts.mart_volatility ........................ [[32mSELECT 270[0m in 0.15s]
[2026-05-06T08:46:49.702+0000] {subprocess.py:93} INFO - [0m08:46:49
[2026-05-06T08:46:49.705+0000] {subprocess.py:93} INFO - [0m08:46:49  Finished running 3 table models, 1 view model in 0 hours 0 minutes and 1.18 seconds (1.18s).
[2026-05-06T08:46:49.830+0000] {subprocess.py:93} INFO - [0m08:46:49
[2026-05-06T08:46:49.832+0000] {subprocess.py:93} INFO - [0m08:46:49  [32mCompleted successfully[0m
[2026-05-06T08:46:49.836+0000] {subprocess.py:93} INFO - [0m08:46:49
[2026-05-06T08:46:49.839+0000] {subprocess.py:93} INFO - [0m08:46:49  Done. PASS=4 WARN=0 ERROR=0 SKIP=0 NO-OP=0 TOTAL=4
[2026-05-06T08:46:52.250+0000] {subprocess.py:97} INFO - Command exited with return code 0
[2026-05-06T08:46:52.252+0000] {taskinstance.py:441} INFO - ::group::Post task execution logs
[2026-05-06T08:46:52.314+0000] {taskinstance.py:1206} INFO - Marking task as SUCCESS. dag_id=eod_pipeline, task_id=dbt_run, run_id=manual__2026-05-06T08:46:20.856579+00:00, execution_date=20260506T084620, start_date=20260506T084640, end_date=20260506T084652
[2026-05-06T08:46:52.403+0000] {local_task_job_runner.py:240} INFO - Task exited with return code 0
[2026-05-06T08:46:52.433+0000] {taskinstance.py:3503} INFO - 0 downstream tasks scheduled from follow-on schedule check
[2026-05-06T08:46:52.445+0000] {local_task_job_runner.py:222} INFO - ::endgroup::
