[2026-05-06T08:24:44.645+0000] {local_task_job_runner.py:120} INFO - ::group::Pre task execution logs
[2026-05-06T08:24:44.717+0000] {taskinstance.py:2076} INFO - Dependencies all met for dep_context=non-requeueable deps ti=<TaskInstance: eod_pipeline.kite_ingest manual__2026-05-06T08:24:43.402730+00:00 [queued]>
[2026-05-06T08:24:44.734+0000] {taskinstance.py:2076} INFO - Dependencies all met for dep_context=requeueable deps ti=<TaskInstance: eod_pipeline.kite_ingest manual__2026-05-06T08:24:43.402730+00:00 [queued]>
[2026-05-06T08:24:44.744+0000] {taskinstance.py:2306} INFO - Starting attempt 1 of 2
[2026-05-06T08:24:44.766+0000] {taskinstance.py:2330} INFO - Executing <Task(BashOperator): kite_ingest> on 2026-05-06 08:24:43.402730+00:00
[2026-05-06T08:24:44.777+0000] {standard_task_runner.py:63} INFO - Started process 179 to run task
[2026-05-06T08:24:44.786+0000] {standard_task_runner.py:90} INFO - Running: ['airflow', 'tasks', 'run', 'eod_pipeline', 'kite_ingest', 'manual__2026-05-06T08:24:43.402730+00:00', '--job-id', '9', '--raw', '--subdir', 'DAGS_FOLDER/eod_pipeline.py', '--cfg-path', '/tmp/tmp943r9u6v']
[2026-05-06T08:24:44.792+0000] {standard_task_runner.py:91} INFO - Job 9: Subtask kite_ingest
[2026-05-06T08:24:44.947+0000] {task_command.py:426} INFO - Running <TaskInstance: eod_pipeline.kite_ingest manual__2026-05-06T08:24:43.402730+00:00 [running]> on host 8dfb9515d64b
[2026-05-06T08:24:45.515+0000] {taskinstance.py:2648} INFO - Exporting env vars: AIRFLOW_CTX_DAG_OWNER='bhavya' AIRFLOW_CTX_DAG_ID='eod_pipeline' AIRFLOW_CTX_TASK_ID='kite_ingest' AIRFLOW_CTX_EXECUTION_DATE='2026-05-06T08:24:43.402730+00:00' AIRFLOW_CTX_TRY_NUMBER='1' AIRFLOW_CTX_DAG_RUN_ID='manual__2026-05-06T08:24:43.402730+00:00'
[2026-05-06T08:24:45.517+0000] {taskinstance.py:430} INFO - ::endgroup::
[2026-05-06T08:24:45.611+0000] {subprocess.py:63} INFO - Tmp dir root location: /tmp
[2026-05-06T08:24:45.615+0000] {subprocess.py:75} INFO - Running command: ['/usr/bin/bash', '-c', 'python /opt/airflow/scripts/kite_ingest.py']
[2026-05-06T08:24:45.640+0000] {subprocess.py:86} INFO - Output:
[2026-05-06T08:25:11.654+0000] {subprocess.py:93} INFO - Fetching EOD for 135 stocks on 2026-05-06.
[2026-05-06T08:25:11.658+0000] {subprocess.py:93} INFO - Failed IDFCFIRSTB: Incorrect `api_key` or `access_token`.
[2026-05-06T08:25:11.660+0000] {subprocess.py:93} INFO - Failed PNB: Incorrect `api_key` or `access_token`.
[2026-05-06T08:25:11.661+0000] {subprocess.py:93} INFO - Failed PNBHOUSING: Incorrect `api_key` or `access_token`.
[2026-05-06T08:25:11.663+0000] {subprocess.py:93} INFO - Failed RELIANCE: Incorrect `api_key` or `access_token`.
[2026-05-06T08:25:11.665+0000] {subprocess.py:93} INFO - Failed INDUSTOWER: Incorrect `api_key` or `access_token`.
[2026-05-06T08:25:11.667+0000] {subprocess.py:93} INFO - Failed BAJAJFINSV: Incorrect `api_key` or `access_token`.
[2026-05-06T08:25:11.670+0000] {subprocess.py:93} INFO - Failed SHRIRAMFIN: Incorrect `api_key` or `access_token`.
[2026-05-06T08:25:11.672+0000] {subprocess.py:93} INFO - Failed POLYCAB: Incorrect `api_key` or `access_token`.
[2026-05-06T08:25:11.673+0000] {subprocess.py:93} INFO - Failed CANBK: Incorrect `api_key` or `access_token`.
[2026-05-06T08:25:11.674+0000] {subprocess.py:93} INFO - Failed BANKBARODA: Incorrect `api_key` or `access_token`.
[2026-05-06T08:25:11.675+0000] {subprocess.py:93} INFO - Failed IDEA: Incorrect `api_key` or `access_token`.
[2026-05-06T08:25:11.677+0000] {subprocess.py:93} INFO - Failed CIPLA: Incorrect `api_key` or `access_token`.
[2026-05-06T08:25:11.678+0000] {subprocess.py:93} INFO - Failed AXISBANK: Incorrect `api_key` or `access_token`.
[2026-05-06T08:25:11.680+0000] {subprocess.py:93} INFO - Failed GODREJPROP: Incorrect `api_key` or `access_token`.
[2026-05-06T08:25:11.681+0000] {subprocess.py:93} INFO - Failed SBIN: Incorrect `api_key` or `access_token`.
[2026-05-06T08:25:11.683+0000] {subprocess.py:93} INFO - Failed DRREDDY: Incorrect `api_key` or `access_token`.
[2026-05-06T08:25:11.684+0000] {subprocess.py:93} INFO - Failed TCS: Incorrect `api_key` or `access_token`.
[2026-05-06T08:25:11.687+0000] {subprocess.py:93} INFO - Failed LAURUSLABS: Incorrect `api_key` or `access_token`.
[2026-05-06T08:25:11.689+0000] {subprocess.py:93} INFO - Failed ABCAPITAL: Incorrect `api_key` or `access_token`.
[2026-05-06T08:25:11.691+0000] {subprocess.py:93} INFO - Failed BIOCON: Incorrect `api_key` or `access_token`.
[2026-05-06T08:25:11.692+0000] {subprocess.py:93} INFO - Failed BHARTIARTL: Incorrect `api_key` or `access_token`.
[2026-05-06T08:25:11.693+0000] {subprocess.py:93} INFO - Failed HINDALCO: Incorrect `api_key` or `access_token`.
[2026-05-06T08:25:11.695+0000] {subprocess.py:93} INFO - Failed HUDCO: Too many requests
[2026-05-06T08:25:11.695+0000] {subprocess.py:93} INFO - Failed ASHOKLEY: Incorrect `api_key` or `access_token`.
[2026-05-06T08:25:11.697+0000] {subprocess.py:93} INFO - Failed PERSISTENT: Incorrect `api_key` or `access_token`.
[2026-05-06T08:25:11.699+0000] {subprocess.py:93} INFO - Failed LICHSGFIN: Incorrect `api_key` or `access_token`.
[2026-05-06T08:25:11.701+0000] {subprocess.py:93} INFO - Failed BOSCHLTD: Incorrect `api_key` or `access_token`.
[2026-05-06T08:25:11.703+0000] {subprocess.py:93} INFO - Failed NBCC: Incorrect `api_key` or `access_token`.
[2026-05-06T08:25:11.706+0000] {subprocess.py:93} INFO - Failed INDUSINDBK: Incorrect `api_key` or `access_token`.
[2026-05-06T08:25:11.707+0000] {subprocess.py:93} INFO - Failed MPHASIS: Incorrect `api_key` or `access_token`.
[2026-05-06T08:25:11.709+0000] {subprocess.py:93} INFO - Failed KALYANKJIL: Incorrect `api_key` or `access_token`.
[2026-05-06T08:25:11.710+0000] {subprocess.py:93} INFO - Failed HINDPETRO: Incorrect `api_key` or `access_token`.
[2026-05-06T08:25:11.711+0000] {subprocess.py:93} INFO - Failed INDIGO: Incorrect `api_key` or `access_token`.
[2026-05-06T08:25:11.713+0000] {subprocess.py:93} INFO - Failed HCLTECH: Incorrect `api_key` or `access_token`.
[2026-05-06T08:25:11.715+0000] {subprocess.py:93} INFO - Failed HEROMOTOCO: Incorrect `api_key` or `access_token`.
[2026-05-06T08:25:11.717+0000] {subprocess.py:93} INFO - Failed INFY: Incorrect `api_key` or `access_token`.
[2026-05-06T08:25:11.724+0000] {subprocess.py:93} INFO - Failed BAJFINANCE: Incorrect `api_key` or `access_token`.
[2026-05-06T08:25:11.730+0000] {subprocess.py:93} INFO - Failed TATACONSUM: Incorrect `api_key` or `access_token`.
[2026-05-06T08:25:11.732+0000] {subprocess.py:93} INFO - Failed COFORGE: Incorrect `api_key` or `access_token`.
[2026-05-06T08:25:11.734+0000] {subprocess.py:93} INFO - Failed BEL: Incorrect `api_key` or `access_token`.
[2026-05-06T08:25:11.736+0000] {subprocess.py:93} INFO - Failed SAIL: Incorrect `api_key` or `access_token`.
[2026-05-06T08:25:11.739+0000] {subprocess.py:93} INFO - Failed PFC: Incorrect `api_key` or `access_token`.
[2026-05-06T08:25:11.741+0000] {subprocess.py:93} INFO - Failed SRF: Incorrect `api_key` or `access_token`.
[2026-05-06T08:25:11.742+0000] {subprocess.py:93} INFO - Failed MANAPPURAM: Too many requests
[2026-05-06T08:25:11.744+0000] {subprocess.py:93} INFO - Failed CHOLAFIN: Incorrect `api_key` or `access_token`.
[2026-05-06T08:25:11.745+0000] {subprocess.py:93} INFO - Failed JIOFIN: Incorrect `api_key` or `access_token`.
[2026-05-06T08:25:11.747+0000] {subprocess.py:93} INFO - Failed PPLPHARMA: Incorrect `api_key` or `access_token`.
[2026-05-06T08:25:11.749+0000] {subprocess.py:93} INFO - Failed NMDC: Incorrect `api_key` or `access_token`.
[2026-05-06T08:25:11.750+0000] {subprocess.py:93} INFO - Failed GRASIM: Incorrect `api_key` or `access_token`.
[2026-05-06T08:25:11.752+0000] {subprocess.py:93} INFO - Failed VOLTAS: Incorrect `api_key` or `access_token`.
[2026-05-06T08:25:11.755+0000] {subprocess.py:93} INFO - Failed LTF: Incorrect `api_key` or `access_token`.
[2026-05-06T08:25:11.757+0000] {subprocess.py:93} INFO - Failed GAIL: Incorrect `api_key` or `access_token`.
[2026-05-06T08:25:11.759+0000] {subprocess.py:93} INFO - Failed INDHOTEL: Incorrect `api_key` or `access_token`.
[2026-05-06T08:25:11.761+0000] {subprocess.py:93} INFO - Failed ZYDUSLIFE: Incorrect `api_key` or `access_token`.
[2026-05-06T08:25:11.763+0000] {subprocess.py:93} INFO - Failed BHEL: Incorrect `api_key` or `access_token`.
[2026-05-06T08:25:11.764+0000] {subprocess.py:93} INFO - Failed SUNPHARMA: Incorrect `api_key` or `access_token`.
[2026-05-06T08:25:11.766+0000] {subprocess.py:93} INFO - Failed LICI: Incorrect `api_key` or `access_token`.
[2026-05-06T08:25:11.768+0000] {subprocess.py:93} INFO - Failed LT: Incorrect `api_key` or `access_token`.
[2026-05-06T08:25:11.770+0000] {subprocess.py:93} INFO - Failed ANGELONE: Incorrect `api_key` or `access_token`.
[2026-05-06T08:25:11.772+0000] {subprocess.py:93} INFO - Failed TITAN: Incorrect `api_key` or `access_token`.
[2026-05-06T08:25:11.773+0000] {subprocess.py:93} INFO - Failed HDFCAMC: Incorrect `api_key` or `access_token`.
[2026-05-06T08:25:11.775+0000] {subprocess.py:93} INFO - Failed AMBUJACEM: Incorrect `api_key` or `access_token`.
[2026-05-06T08:25:11.776+0000] {subprocess.py:93} INFO - Failed MAZDOCK: Incorrect `api_key` or `access_token`.
[2026-05-06T08:25:11.777+0000] {subprocess.py:93} INFO - Failed RECLTD: Incorrect `api_key` or `access_token`.
[2026-05-06T08:25:11.778+0000] {subprocess.py:93} INFO - Failed MOTHERSON: Incorrect `api_key` or `access_token`.
[2026-05-06T08:25:11.779+0000] {subprocess.py:93} INFO - Failed DLF: Incorrect `api_key` or `access_token`.
[2026-05-06T08:25:11.780+0000] {subprocess.py:93} INFO - Failed BRITANNIA: Incorrect `api_key` or `access_token`.
[2026-05-06T08:25:11.781+0000] {subprocess.py:93} INFO - Failed IIFL: Incorrect `api_key` or `access_token`.
[2026-05-06T08:25:11.782+0000] {subprocess.py:93} INFO - Failed ASIANPAINT: Incorrect `api_key` or `access_token`.
[2026-05-06T08:25:11.783+0000] {subprocess.py:93} INFO - Failed BHARATFORG: Too many requests
[2026-05-06T08:25:11.785+0000] {subprocess.py:93} INFO - Failed TATAPOWER: Incorrect `api_key` or `access_token`.
[2026-05-06T08:25:11.787+0000] {subprocess.py:93} INFO - Failed COALINDIA: Incorrect `api_key` or `access_token`.
[2026-05-06T08:25:11.788+0000] {subprocess.py:93} INFO - Failed NTPC: Incorrect `api_key` or `access_token`.
[2026-05-06T08:25:11.789+0000] {subprocess.py:93} INFO - Failed UNITDSPR: Incorrect `api_key` or `access_token`.
[2026-05-06T08:25:11.790+0000] {subprocess.py:93} INFO - Failed ABB: Incorrect `api_key` or `access_token`.
[2026-05-06T08:25:11.791+0000] {subprocess.py:93} INFO - Failed AUROPHARMA: Incorrect `api_key` or `access_token`.
[2026-05-06T08:25:11.792+0000] {subprocess.py:93} INFO - Failed CAMS: Incorrect `api_key` or `access_token`.
[2026-05-06T08:25:11.792+0000] {subprocess.py:93} INFO - Failed LTM: Incorrect `api_key` or `access_token`.
[2026-05-06T08:25:11.793+0000] {subprocess.py:93} INFO - Failed BDL: Incorrect `api_key` or `access_token`.
[2026-05-06T08:25:11.795+0000] {subprocess.py:93} INFO - Failed NATIONALUM: Incorrect `api_key` or `access_token`.
[2026-05-06T08:25:11.796+0000] {subprocess.py:93} INFO - Failed VEDL: Incorrect `api_key` or `access_token`.
[2026-05-06T08:25:11.796+0000] {subprocess.py:93} INFO - Failed ADANIENT: Incorrect `api_key` or `access_token`.
[2026-05-06T08:25:11.797+0000] {subprocess.py:93} INFO - Failed WIPRO: Incorrect `api_key` or `access_token`.
[2026-05-06T08:25:11.798+0000] {subprocess.py:93} INFO - Failed HDFCBANK: Incorrect `api_key` or `access_token`.
[2026-05-06T08:25:11.799+0000] {subprocess.py:93} INFO - Failed ITC: Incorrect `api_key` or `access_token`.
[2026-05-06T08:25:11.801+0000] {subprocess.py:93} INFO - Failed BAJAJ-AUTO: Incorrect `api_key` or `access_token`.
[2026-05-06T08:25:11.803+0000] {subprocess.py:93} INFO - Failed MARUTI: Incorrect `api_key` or `access_token`.
[2026-05-06T08:25:11.805+0000] {subprocess.py:93} INFO - Failed KOTAKBANK: Incorrect `api_key` or `access_token`.
[2026-05-06T08:25:11.806+0000] {subprocess.py:93} INFO - Failed LUPIN: Incorrect `api_key` or `access_token`.
[2026-05-06T08:25:11.807+0000] {subprocess.py:93} INFO - Failed SUZLON: Incorrect `api_key` or `access_token`.
[2026-05-06T08:25:11.808+0000] {subprocess.py:93} INFO - Failed HINDUNILVR: Too many requests
[2026-05-06T08:25:11.809+0000] {subprocess.py:93} INFO - Failed ONGC: Incorrect `api_key` or `access_token`.
[2026-05-06T08:25:11.811+0000] {subprocess.py:93} INFO - Failed OIL: Incorrect `api_key` or `access_token`.
[2026-05-06T08:25:11.812+0000] {subprocess.py:93} INFO - Failed TATASTEEL: Incorrect `api_key` or `access_token`.
[2026-05-06T08:25:11.813+0000] {subprocess.py:93} INFO - Failed TRENT: Incorrect `api_key` or `access_token`.
[2026-05-06T08:25:11.814+0000] {subprocess.py:93} INFO - Failed TVSMOTOR: Incorrect `api_key` or `access_token`.
[2026-05-06T08:25:11.816+0000] {subprocess.py:93} INFO - Failed JINDALSTEL: Incorrect `api_key` or `access_token`.
[2026-05-06T08:25:11.817+0000] {subprocess.py:93} INFO - Failed TECHM: Incorrect `api_key` or `access_token`.
[2026-05-06T08:25:11.818+0000] {subprocess.py:93} INFO - Failed EICHERMOT: Incorrect `api_key` or `access_token`.
[2026-05-06T08:25:11.820+0000] {subprocess.py:93} INFO - Failed JUBLFOOD: Incorrect `api_key` or `access_token`.
[2026-05-06T08:25:11.821+0000] {subprocess.py:93} INFO - Failed GLENMARK: Incorrect `api_key` or `access_token`.
[2026-05-06T08:25:11.822+0000] {subprocess.py:93} INFO - Failed CDSL: Incorrect `api_key` or `access_token`.
[2026-05-06T08:25:11.824+0000] {subprocess.py:93} INFO - Failed POLICYBZR: Incorrect `api_key` or `access_token`.
[2026-05-06T08:25:11.825+0000] {subprocess.py:93} INFO - Failed NUVAMA: Incorrect `api_key` or `access_token`.
[2026-05-06T08:25:11.826+0000] {subprocess.py:93} INFO - Failed HAL: Incorrect `api_key` or `access_token`.
[2026-05-06T08:25:11.827+0000] {subprocess.py:93} INFO - Failed KFINTECH: Incorrect `api_key` or `access_token`.
[2026-05-06T08:25:11.828+0000] {subprocess.py:93} INFO - Failed SBILIFE: Incorrect `api_key` or `access_token`.
[2026-05-06T08:25:11.829+0000] {subprocess.py:93} INFO - Failed NESTLEIND: Incorrect `api_key` or `access_token`.
[2026-05-06T08:25:11.830+0000] {subprocess.py:93} INFO - Failed ULTRACEMCO: Incorrect `api_key` or `access_token`.
[2026-05-06T08:25:11.830+0000] {subprocess.py:93} INFO - Failed TATATECH: Incorrect `api_key` or `access_token`.
[2026-05-06T08:25:11.831+0000] {subprocess.py:93} INFO - Failed DIVISLAB: Incorrect `api_key` or `access_token`.
[2026-05-06T08:25:11.832+0000] {subprocess.py:93} INFO - Failed POWERGRID: Too many requests
[2026-05-06T08:25:11.833+0000] {subprocess.py:93} INFO - Failed ALKEM: Incorrect `api_key` or `access_token`.
[2026-05-06T08:25:11.835+0000] {subprocess.py:93} INFO - Failed IGL: Incorrect `api_key` or `access_token`.
[2026-05-06T08:25:11.836+0000] {subprocess.py:93} INFO - Failed OBEROIRLTY: Incorrect `api_key` or `access_token`.
[2026-05-06T08:25:11.837+0000] {subprocess.py:93} INFO - Failed JSWSTEEL: Incorrect `api_key` or `access_token`.
[2026-05-06T08:25:11.839+0000] {subprocess.py:93} INFO - Failed HDFCLIFE: Incorrect `api_key` or `access_token`.
[2026-05-06T08:25:11.840+0000] {subprocess.py:93} INFO - Failed ADANIPORTS: Incorrect `api_key` or `access_token`.
[2026-05-06T08:25:11.841+0000] {subprocess.py:93} INFO - Failed DMART: Incorrect `api_key` or `access_token`.
[2026-05-06T08:25:11.845+0000] {subprocess.py:93} INFO - Failed DABUR: Incorrect `api_key` or `access_token`.
[2026-05-06T08:25:11.846+0000] {subprocess.py:93} INFO - Failed MUTHOOTFIN: Incorrect `api_key` or `access_token`.
[2026-05-06T08:25:11.848+0000] {subprocess.py:93} INFO - Failed M&M: Incorrect `api_key` or `access_token`.
[2026-05-06T08:25:11.849+0000] {subprocess.py:93} INFO - Failed NAUKRI: Incorrect `api_key` or `access_token`.
[2026-05-06T08:25:11.851+0000] {subprocess.py:93} INFO - Failed ETERNAL: Incorrect `api_key` or `access_token`.
[2026-05-06T08:25:11.852+0000] {subprocess.py:93} INFO - Failed VBL: Incorrect `api_key` or `access_token`.
[2026-05-06T08:25:11.853+0000] {subprocess.py:93} INFO - Failed MFSL: Incorrect `api_key` or `access_token`.
[2026-05-06T08:25:11.855+0000] {subprocess.py:93} INFO - Failed MCX: Incorrect `api_key` or `access_token`.
[2026-05-06T08:25:11.856+0000] {subprocess.py:93} INFO - Failed OFSS: Incorrect `api_key` or `access_token`.
[2026-05-06T08:25:11.857+0000] {subprocess.py:93} INFO - Failed ICICIBANK: Incorrect `api_key` or `access_token`.
[2026-05-06T08:25:11.858+0000] {subprocess.py:93} INFO - Failed SHREECEM: Incorrect `api_key` or `access_token`.
[2026-05-06T08:25:11.860+0000] {subprocess.py:93} INFO - Failed HINDZINC: Incorrect `api_key` or `access_token`.
[2026-05-06T08:25:11.861+0000] {subprocess.py:93} INFO - Failed DIXON: Incorrect `api_key` or `access_token`.
[2026-05-06T08:25:11.862+0000] {subprocess.py:93} INFO - Failed JSWENERGY: Incorrect `api_key` or `access_token`.
[2026-05-06T08:25:11.863+0000] {subprocess.py:93} INFO - Failed TMPV: Incorrect `api_key` or `access_token`.
[2026-05-06T08:25:11.864+0000] {subprocess.py:93} INFO - Failed TMCV: Incorrect `api_key` or `access_token`.
[2026-05-06T08:25:11.866+0000] {subprocess.py:93} INFO - Fetched: 0 | Failed: 135
[2026-05-06T08:25:11.867+0000] {subprocess.py:93} INFO - Failed tickers: ['IDFCFIRSTB', 'PNB', 'PNBHOUSING', 'RELIANCE', 'INDUSTOWER', 'BAJAJFINSV', 'SHRIRAMFIN', 'POLYCAB', 'CANBK', 'BANKBARODA', 'IDEA', 'CIPLA', 'AXISBANK', 'GODREJPROP', 'SBIN', 'DRREDDY', 'TCS', 'LAURUSLABS', 'ABCAPITAL', 'BIOCON', 'BHARTIARTL', 'HINDALCO', 'HUDCO', 'ASHOKLEY', 'PERSISTENT', 'LICHSGFIN', 'BOSCHLTD', 'NBCC', 'INDUSINDBK', 'MPHASIS', 'KALYANKJIL', 'HINDPETRO', 'INDIGO', 'HCLTECH', 'HEROMOTOCO', 'INFY', 'BAJFINANCE', 'TATACONSUM', 'COFORGE', 'BEL', 'SAIL', 'PFC', 'SRF', 'MANAPPURAM', 'CHOLAFIN', 'JIOFIN', 'PPLPHARMA', 'NMDC', 'GRASIM', 'VOLTAS', 'LTF', 'GAIL', 'INDHOTEL', 'ZYDUSLIFE', 'BHEL', 'SUNPHARMA', 'LICI', 'LT', 'ANGELONE', 'TITAN', 'HDFCAMC', 'AMBUJACEM', 'MAZDOCK', 'RECLTD', 'MOTHERSON', 'DLF', 'BRITANNIA', 'IIFL', 'ASIANPAINT', 'BHARATFORG', 'TATAPOWER', 'COALINDIA', 'NTPC', 'UNITDSPR', 'ABB', 'AUROPHARMA', 'CAMS', 'LTM', 'BDL', 'NATIONALUM', 'VEDL', 'ADANIENT', 'WIPRO', 'HDFCBANK', 'ITC', 'BAJAJ-AUTO', 'MARUTI', 'KOTAKBANK', 'LUPIN', 'SUZLON', 'HINDUNILVR', 'ONGC', 'OIL', 'TATASTEEL', 'TRENT', 'TVSMOTOR', 'JINDALSTEL', 'TECHM', 'EICHERMOT', 'JUBLFOOD', 'GLENMARK', 'CDSL', 'POLICYBZR', 'NUVAMA', 'HAL', 'KFINTECH', 'SBILIFE', 'NESTLEIND', 'ULTRACEMCO', 'TATATECH', 'DIVISLAB', 'POWERGRID', 'ALKEM', 'IGL', 'OBEROIRLTY', 'JSWSTEEL', 'HDFCLIFE', 'ADANIPORTS', 'DMART', 'DABUR', 'MUTHOOTFIN', 'M&M', 'NAUKRI', 'ETERNAL', 'VBL', 'MFSL', 'MCX', 'OFSS', 'ICICIBANK', 'SHREECEM', 'HINDZINC', 'DIXON', 'JSWENERGY', 'TMPV', 'TMCV']
[2026-05-06T08:25:12.034+0000] {subprocess.py:97} INFO - Command exited with return code 0
[2026-05-06T08:25:12.037+0000] {taskinstance.py:441} INFO - ::group::Post task execution logs
[2026-05-06T08:25:12.108+0000] {taskinstance.py:1206} INFO - Marking task as SUCCESS. dag_id=eod_pipeline, task_id=kite_ingest, run_id=manual__2026-05-06T08:24:43.402730+00:00, execution_date=20260506T082443, start_date=20260506T082444, end_date=20260506T082512
[2026-05-06T08:25:12.176+0000] {local_task_job_runner.py:240} INFO - Task exited with return code 0
[2026-05-06T08:25:12.217+0000] {taskinstance.py:3503} INFO - 1 downstream tasks scheduled from follow-on schedule check
[2026-05-06T08:25:12.222+0000] {local_task_job_runner.py:222} INFO - ::endgroup::
