[2026-05-06T08:13:28.728+0000] {local_task_job_runner.py:120} INFO - ::group::Pre task execution logs
[2026-05-06T08:13:28.795+0000] {taskinstance.py:2076} INFO - Dependencies all met for dep_context=non-requeueable deps ti=<TaskInstance: eod_pipeline.kite_ingest scheduled__2026-05-05T05:15:00+00:00 [queued]>
[2026-05-06T08:13:28.812+0000] {taskinstance.py:2076} INFO - Dependencies all met for dep_context=requeueable deps ti=<TaskInstance: eod_pipeline.kite_ingest scheduled__2026-05-05T05:15:00+00:00 [queued]>
[2026-05-06T08:13:28.820+0000] {taskinstance.py:2306} INFO - Starting attempt 1 of 2
[2026-05-06T08:13:28.842+0000] {taskinstance.py:2330} INFO - Executing <Task(BashOperator): kite_ingest> on 2026-05-05 05:15:00+00:00
[2026-05-06T08:13:28.855+0000] {standard_task_runner.py:63} INFO - Started process 179 to run task
[2026-05-06T08:13:28.863+0000] {standard_task_runner.py:90} INFO - Running: ['airflow', 'tasks', 'run', 'eod_pipeline', 'kite_ingest', 'scheduled__2026-05-05T05:15:00+00:00', '--job-id', '4', '--raw', '--subdir', 'DAGS_FOLDER/eod_pipeline.py', '--cfg-path', '/tmp/tmp33z4lrlg']
[2026-05-06T08:13:28.869+0000] {standard_task_runner.py:91} INFO - Job 4: Subtask kite_ingest
[2026-05-06T08:13:29.024+0000] {task_command.py:426} INFO - Running <TaskInstance: eod_pipeline.kite_ingest scheduled__2026-05-05T05:15:00+00:00 [running]> on host 5d0162d0b68f
[2026-05-06T08:13:29.511+0000] {taskinstance.py:2648} INFO - Exporting env vars: AIRFLOW_CTX_DAG_OWNER='bhavya' AIRFLOW_CTX_DAG_ID='eod_pipeline' AIRFLOW_CTX_TASK_ID='kite_ingest' AIRFLOW_CTX_EXECUTION_DATE='2026-05-05T05:15:00+00:00' AIRFLOW_CTX_TRY_NUMBER='1' AIRFLOW_CTX_DAG_RUN_ID='scheduled__2026-05-05T05:15:00+00:00'
[2026-05-06T08:13:29.513+0000] {taskinstance.py:430} INFO - ::endgroup::
[2026-05-06T08:13:29.587+0000] {subprocess.py:63} INFO - Tmp dir root location: /tmp
[2026-05-06T08:13:29.591+0000] {subprocess.py:75} INFO - Running command: ['/usr/bin/bash', '-c', 'python /opt/airflow/scripts/kite_ingest.py']
[2026-05-06T08:13:29.617+0000] {subprocess.py:86} INFO - Output:
[2026-05-06T08:13:33.289+0000] {subprocess.py:93} INFO - Traceback (most recent call last):
[2026-05-06T08:13:33.290+0000] {subprocess.py:93} INFO -   File "/opt/airflow/scripts/kite_ingest.py", line 91, in <module>
[2026-05-06T08:13:33.295+0000] {subprocess.py:93} INFO -     run()
[2026-05-06T08:13:33.295+0000] {subprocess.py:93} INFO -   File "/opt/airflow/scripts/kite_ingest.py", line 64, in run
[2026-05-06T08:13:33.300+0000] {subprocess.py:93} INFO -     universe = load_universe(FNO_PATH)
[2026-05-06T08:13:33.301+0000] {subprocess.py:93} INFO -                ^^^^^^^^^^^^^^^^^^^^^^^
[2026-05-06T08:13:33.302+0000] {subprocess.py:93} INFO -   File "/opt/airflow/scripts/kite_ingest.py", line 24, in load_universe
[2026-05-06T08:13:33.304+0000] {subprocess.py:93} INFO -     df = pd.read_excel(path, engine='openpyxl')
[2026-05-06T08:13:33.305+0000] {subprocess.py:93} INFO -          ^^^^^^^^^^^^^^^^^^^^^^^^^^^^^^^^^^^^^^
[2026-05-06T08:13:33.306+0000] {subprocess.py:93} INFO -   File "/home/airflow/.local/lib/python3.11/site-packages/pandas/io/excel/_base.py", line 504, in read_excel
[2026-05-06T08:13:33.307+0000] {subprocess.py:93} INFO -     io = ExcelFile(
[2026-05-06T08:13:33.308+0000] {subprocess.py:93} INFO -          ^^^^^^^^^^
[2026-05-06T08:13:33.309+0000] {subprocess.py:93} INFO -   File "/home/airflow/.local/lib/python3.11/site-packages/pandas/io/excel/_base.py", line 1580, in __init__
[2026-05-06T08:13:33.310+0000] {subprocess.py:93} INFO -     self._reader = self._engines[engine](
[2026-05-06T08:13:33.311+0000] {subprocess.py:93} INFO -                    ^^^^^^^^^^^^^^^^^^^^^^
[2026-05-06T08:13:33.311+0000] {subprocess.py:93} INFO -   File "/home/airflow/.local/lib/python3.11/site-packages/pandas/io/excel/_openpyxl.py", line 553, in __init__
[2026-05-06T08:13:33.312+0000] {subprocess.py:93} INFO -     super().__init__(
[2026-05-06T08:13:33.313+0000] {subprocess.py:93} INFO -   File "/home/airflow/.local/lib/python3.11/site-packages/pandas/io/excel/_base.py", line 572, in __init__
[2026-05-06T08:13:33.314+0000] {subprocess.py:93} INFO -     self.handles = get_handle(
[2026-05-06T08:13:33.315+0000] {subprocess.py:93} INFO -                    ^^^^^^^^^^^
[2026-05-06T08:13:33.317+0000] {subprocess.py:93} INFO -   File "/home/airflow/.local/lib/python3.11/site-packages/pandas/io/common.py", line 872, in get_handle
[2026-05-06T08:13:33.318+0000] {subprocess.py:93} INFO -     handle = open(handle, ioargs.mode)
[2026-05-06T08:13:33.319+0000] {subprocess.py:93} INFO -              ^^^^^^^^^^^^^^^^^^^^^^^^^
[2026-05-06T08:13:33.320+0000] {subprocess.py:93} INFO - FileNotFoundError: [Errno 2] No such file or directory: 'C:\\Users\\BM\\OneDrive\\Desktop\\Python_projects\\Algo_models\\Movers_Rangers\\Symbols_data\\FNO Stocks - All F&O Stocks List.xlsx'
[2026-05-06T08:13:33.570+0000] {subprocess.py:97} INFO - Command exited with return code 1
[2026-05-06T08:13:33.572+0000] {taskinstance.py:441} INFO - ::group::Post task execution logs
[2026-05-06T08:13:33.591+0000] {taskinstance.py:2905} ERROR - Task failed with exception
Traceback (most recent call last):
  File "/home/airflow/.local/lib/python3.11/site-packages/airflow/models/taskinstance.py", line 465, in _execute_task
    result = _execute_callable(context=context, **execute_callable_kwargs)
             ^^^^^^^^^^^^^^^^^^^^^^^^^^^^^^^^^^^^^^^^^^^^^^^^^^^^^^^^^^^^^
  File "/home/airflow/.local/lib/python3.11/site-packages/airflow/models/taskinstance.py", line 432, in _execute_callable
    return execute_callable(context=context, **execute_callable_kwargs)
           ^^^^^^^^^^^^^^^^^^^^^^^^^^^^^^^^^^^^^^^^^^^^^^^^^^^^^^^^^^^^
  File "/home/airflow/.local/lib/python3.11/site-packages/airflow/models/baseoperator.py", line 401, in wrapper
    return func(self, *args, **kwargs)
           ^^^^^^^^^^^^^^^^^^^^^^^^^^^
  File "/home/airflow/.local/lib/python3.11/site-packages/airflow/operators/bash.py", line 243, in execute
    raise AirflowException(
airflow.exceptions.AirflowException: Bash command failed. The command returned a non-zero exit code 1.
[2026-05-06T08:13:33.596+0000] {taskinstance.py:1206} INFO - Marking task as UP_FOR_RETRY. dag_id=eod_pipeline, task_id=kite_ingest, run_id=scheduled__2026-05-05T05:15:00+00:00, execution_date=20260505T051500, start_date=20260506T081328, end_date=20260506T081333
[2026-05-06T08:13:33.621+0000] {standard_task_runner.py:110} ERROR - Failed to execute job 4 for task kite_ingest (Bash command failed. The command returned a non-zero exit code 1.; 179)
[2026-05-06T08:13:33.678+0000] {local_task_job_runner.py:240} INFO - Task exited with return code 1
[2026-05-06T08:13:33.713+0000] {taskinstance.py:3503} INFO - 0 downstream tasks scheduled from follow-on schedule check
[2026-05-06T08:13:33.717+0000] {local_task_job_runner.py:222} INFO - ::endgroup::
