[2026-05-06T08:19:24.688+0000] {local_task_job_runner.py:120} INFO - ::group::Pre task execution logs
[2026-05-06T08:19:24.768+0000] {taskinstance.py:2076} INFO - Dependencies all met for dep_context=non-requeueable deps ti=<TaskInstance: eod_pipeline.kite_ingest manual__2026-05-06T08:14:18.431919+00:00 [queued]>
[2026-05-06T08:19:24.785+0000] {taskinstance.py:2076} INFO - Dependencies all met for dep_context=requeueable deps ti=<TaskInstance: eod_pipeline.kite_ingest manual__2026-05-06T08:14:18.431919+00:00 [queued]>
[2026-05-06T08:19:24.787+0000] {taskinstance.py:2306} INFO - Starting attempt 2 of 2
[2026-05-06T08:19:24.809+0000] {taskinstance.py:2330} INFO - Executing <Task(BashOperator): kite_ingest> on 2026-05-06 08:14:18.431919+00:00
[2026-05-06T08:19:24.821+0000] {standard_task_runner.py:63} INFO - Started process 279 to run task
[2026-05-06T08:19:24.828+0000] {standard_task_runner.py:90} INFO - Running: ['airflow', 'tasks', 'run', 'eod_pipeline', 'kite_ingest', 'manual__2026-05-06T08:14:18.431919+00:00', '--job-id', '7', '--raw', '--subdir', 'DAGS_FOLDER/eod_pipeline.py', '--cfg-path', '/tmp/tmpc_9tlmzo']
[2026-05-06T08:19:24.833+0000] {standard_task_runner.py:91} INFO - Job 7: Subtask kite_ingest
[2026-05-06T08:19:24.999+0000] {task_command.py:426} INFO - Running <TaskInstance: eod_pipeline.kite_ingest manual__2026-05-06T08:14:18.431919+00:00 [running]> on host 5d0162d0b68f
[2026-05-06T08:19:25.527+0000] {taskinstance.py:2648} INFO - Exporting env vars: AIRFLOW_CTX_DAG_OWNER='bhavya' AIRFLOW_CTX_DAG_ID='eod_pipeline' AIRFLOW_CTX_TASK_ID='kite_ingest' AIRFLOW_CTX_EXECUTION_DATE='2026-05-06T08:14:18.431919+00:00' AIRFLOW_CTX_TRY_NUMBER='2' AIRFLOW_CTX_DAG_RUN_ID='manual__2026-05-06T08:14:18.431919+00:00'
[2026-05-06T08:19:25.529+0000] {taskinstance.py:430} INFO - ::endgroup::
[2026-05-06T08:19:25.556+0000] {subprocess.py:63} INFO - Tmp dir root location: /tmp
[2026-05-06T08:19:25.560+0000] {subprocess.py:75} INFO - Running command: ['/usr/bin/bash', '-c', 'python /opt/airflow/scripts/kite_ingest.py']
[2026-05-06T08:19:25.596+0000] {subprocess.py:86} INFO - Output:
[2026-05-06T08:19:28.157+0000] {subprocess.py:93} INFO - Traceback (most recent call last):
[2026-05-06T08:19:28.159+0000] {subprocess.py:93} INFO -   File "/opt/airflow/scripts/kite_ingest.py", line 91, in <module>
[2026-05-06T08:19:28.165+0000] {subprocess.py:93} INFO -     run()
[2026-05-06T08:19:28.166+0000] {subprocess.py:93} INFO -   File "/opt/airflow/scripts/kite_ingest.py", line 64, in run
[2026-05-06T08:19:28.171+0000] {subprocess.py:93} INFO -     universe = load_universe(FNO_PATH)
[2026-05-06T08:19:28.172+0000] {subprocess.py:93} INFO -                ^^^^^^^^^^^^^^^^^^^^^^^
[2026-05-06T08:19:28.174+0000] {subprocess.py:93} INFO -   File "/opt/airflow/scripts/kite_ingest.py", line 24, in load_universe
[2026-05-06T08:19:28.178+0000] {subprocess.py:93} INFO -     df = pd.read_excel(path, engine='openpyxl')
[2026-05-06T08:19:28.179+0000] {subprocess.py:93} INFO -          ^^^^^^^^^^^^^^^^^^^^^^^^^^^^^^^^^^^^^^
[2026-05-06T08:19:28.181+0000] {subprocess.py:93} INFO -   File "/home/airflow/.local/lib/python3.11/site-packages/pandas/io/excel/_base.py", line 504, in read_excel
[2026-05-06T08:19:28.182+0000] {subprocess.py:93} INFO -     io = ExcelFile(
[2026-05-06T08:19:28.183+0000] {subprocess.py:93} INFO -          ^^^^^^^^^^
[2026-05-06T08:19:28.185+0000] {subprocess.py:93} INFO -   File "/home/airflow/.local/lib/python3.11/site-packages/pandas/io/excel/_base.py", line 1580, in __init__
[2026-05-06T08:19:28.186+0000] {subprocess.py:93} INFO -     self._reader = self._engines[engine](
[2026-05-06T08:19:28.188+0000] {subprocess.py:93} INFO -                    ^^^^^^^^^^^^^^^^^^^^^^
[2026-05-06T08:19:28.190+0000] {subprocess.py:93} INFO -   File "/home/airflow/.local/lib/python3.11/site-packages/pandas/io/excel/_openpyxl.py", line 553, in __init__
[2026-05-06T08:19:28.192+0000] {subprocess.py:93} INFO -     super().__init__(
[2026-05-06T08:19:28.193+0000] {subprocess.py:93} INFO -   File "/home/airflow/.local/lib/python3.11/site-packages/pandas/io/excel/_base.py", line 572, in __init__
[2026-05-06T08:19:28.195+0000] {subprocess.py:93} INFO -     self.handles = get_handle(
[2026-05-06T08:19:28.196+0000] {subprocess.py:93} INFO -                    ^^^^^^^^^^^
[2026-05-06T08:19:28.197+0000] {subprocess.py:93} INFO -   File "/home/airflow/.local/lib/python3.11/site-packages/pandas/io/common.py", line 872, in get_handle
[2026-05-06T08:19:28.199+0000] {subprocess.py:93} INFO -     handle = open(handle, ioargs.mode)
[2026-05-06T08:19:28.201+0000] {subprocess.py:93} INFO -              ^^^^^^^^^^^^^^^^^^^^^^^^^
[2026-05-06T08:19:28.202+0000] {subprocess.py:93} INFO - FileNotFoundError: [Errno 2] No such file or directory: 'C:\\Users\\BM\\OneDrive\\Desktop\\Python_projects\\Algo_models\\Movers_Rangers\\Symbols_data\\FNO Stocks - All F&O Stocks List.xlsx'
[2026-05-06T08:19:28.451+0000] {subprocess.py:97} INFO - Command exited with return code 1
[2026-05-06T08:19:28.453+0000] {taskinstance.py:441} INFO - ::group::Post task execution logs
[2026-05-06T08:19:28.476+0000] {taskinstance.py:2905} ERROR - Task failed with exception
Traceback (most recent call last):
  File "/home/airflow/.local/lib/python3.11/site-packages/airflow/models/taskinstance.py", line 465, in _execute_task
    result = _execute_callable(context=context, **execute_callable_kwargs)
             ^^^^^^^^^^^^^^^^^^^^^^^^^^^^^^^^^^^^^^^^^^^^^^^^^^^^^^^^^^^^^
  File "/home/airflow/.local/lib/python3.11/site-packages/airflow/models/taskinstance.py", line 432, in _execute_callable
    return execute_callable(context=context, **execute_callable_kwargs)
           ^^^^^^^^^^^^^^^^^^^^^^^^^^^^^^^^^^^^^^^^^^^^^^^^^^^^^^^^^^^^
  File "/home/airflow/.local/lib/python3.11/site-packages/airflow/models/baseoperator.py", line 401, in wrapper
    return func(self, *args, **kwargs)
           ^^^^^^^^^^^^^^^^^^^^^^^^^^^
  File "/home/airflow/.local/lib/python3.11/site-packages/airflow/operators/bash.py", line 243, in execute
    raise AirflowException(
airflow.exceptions.AirflowException: Bash command failed. The command returned a non-zero exit code 1.
[2026-05-06T08:19:28.483+0000] {taskinstance.py:1206} INFO - Marking task as FAILED. dag_id=eod_pipeline, task_id=kite_ingest, run_id=manual__2026-05-06T08:14:18.431919+00:00, execution_date=20260506T081418, start_date=20260506T081924, end_date=20260506T081928
[2026-05-06T08:19:28.514+0000] {standard_task_runner.py:110} ERROR - Failed to execute job 7 for task kite_ingest (Bash command failed. The command returned a non-zero exit code 1.; 279)
[2026-05-06T08:19:28.592+0000] {local_task_job_runner.py:240} INFO - Task exited with return code 1
[2026-05-06T08:19:28.618+0000] {local_task_job_runner.py:222} INFO - ::endgroup::
