[2026-05-06T08:14:19.834+0000] {local_task_job_runner.py:120} INFO - ::group::Pre task execution logs
[2026-05-06T08:14:19.900+0000] {taskinstance.py:2076} INFO - Dependencies all met for dep_context=non-requeueable deps ti=<TaskInstance: eod_pipeline.kite_ingest manual__2026-05-06T08:14:18.431919+00:00 [queued]>
[2026-05-06T08:14:19.916+0000] {taskinstance.py:2076} INFO - Dependencies all met for dep_context=requeueable deps ti=<TaskInstance: eod_pipeline.kite_ingest manual__2026-05-06T08:14:18.431919+00:00 [queued]>
[2026-05-06T08:14:19.918+0000] {taskinstance.py:2306} INFO - Starting attempt 1 of 2
[2026-05-06T08:14:19.940+0000] {taskinstance.py:2330} INFO - Executing <Task(BashOperator): kite_ingest> on 2026-05-06 08:14:18.431919+00:00
[2026-05-06T08:14:19.951+0000] {standard_task_runner.py:63} INFO - Started process 199 to run task
[2026-05-06T08:14:19.960+0000] {standard_task_runner.py:90} INFO - Running: ['airflow', 'tasks', 'run', 'eod_pipeline', 'kite_ingest', 'manual__2026-05-06T08:14:18.431919+00:00', '--job-id', '5', '--raw', '--subdir', 'DAGS_FOLDER/eod_pipeline.py', '--cfg-path', '/tmp/tmprirubsb_']
[2026-05-06T08:14:19.965+0000] {standard_task_runner.py:91} INFO - Job 5: Subtask kite_ingest
[2026-05-06T08:14:20.099+0000] {task_command.py:426} INFO - Running <TaskInstance: eod_pipeline.kite_ingest manual__2026-05-06T08:14:18.431919+00:00 [running]> on host 5d0162d0b68f
[2026-05-06T08:14:20.546+0000] {taskinstance.py:2648} INFO - Exporting env vars: AIRFLOW_CTX_DAG_OWNER='bhavya' AIRFLOW_CTX_DAG_ID='eod_pipeline' AIRFLOW_CTX_TASK_ID='kite_ingest' AIRFLOW_CTX_EXECUTION_DATE='2026-05-06T08:14:18.431919+00:00' AIRFLOW_CTX_TRY_NUMBER='1' AIRFLOW_CTX_DAG_RUN_ID='manual__2026-05-06T08:14:18.431919+00:00'
[2026-05-06T08:14:20.547+0000] {taskinstance.py:430} INFO - ::endgroup::
[2026-05-06T08:14:20.582+0000] {subprocess.py:63} INFO - Tmp dir root location: /tmp
[2026-05-06T08:14:20.585+0000] {subprocess.py:75} INFO - Running command: ['/usr/bin/bash', '-c', 'python /opt/airflow/scripts/kite_ingest.py']
[2026-05-06T08:14:20.614+0000] {subprocess.py:86} INFO - Output:
[2026-05-06T08:14:22.820+0000] {subprocess.py:93} INFO - Traceback (most recent call last):
[2026-05-06T08:14:22.821+0000] {subprocess.py:93} INFO -   File "/opt/airflow/scripts/kite_ingest.py", line 91, in <module>
[2026-05-06T08:14:22.825+0000] {subprocess.py:93} INFO -     run()
[2026-05-06T08:14:22.826+0000] {subprocess.py:93} INFO -   File "/opt/airflow/scripts/kite_ingest.py", line 64, in run
[2026-05-06T08:14:22.829+0000] {subprocess.py:93} INFO -     universe = load_universe(FNO_PATH)
[2026-05-06T08:14:22.830+0000] {subprocess.py:93} INFO -                ^^^^^^^^^^^^^^^^^^^^^^^
[2026-05-06T08:14:22.831+0000] {subprocess.py:93} INFO -   File "/opt/airflow/scripts/kite_ingest.py", line 24, in load_universe
[2026-05-06T08:14:22.834+0000] {subprocess.py:93} INFO -     df = pd.read_excel(path, engine='openpyxl')
[2026-05-06T08:14:22.835+0000] {subprocess.py:93} INFO -          ^^^^^^^^^^^^^^^^^^^^^^^^^^^^^^^^^^^^^^
[2026-05-06T08:14:22.836+0000] {subprocess.py:93} INFO -   File "/home/airflow/.local/lib/python3.11/site-packages/pandas/io/excel/_base.py", line 504, in read_excel
[2026-05-06T08:14:22.837+0000] {subprocess.py:93} INFO -     io = ExcelFile(
[2026-05-06T08:14:22.838+0000] {subprocess.py:93} INFO -          ^^^^^^^^^^
[2026-05-06T08:14:22.840+0000] {subprocess.py:93} INFO -   File "/home/airflow/.local/lib/python3.11/site-packages/pandas/io/excel/_base.py", line 1580, in __init__
[2026-05-06T08:14:22.841+0000] {subprocess.py:93} INFO -     self._reader = self._engines[engine](
[2026-05-06T08:14:22.842+0000] {subprocess.py:93} INFO -                    ^^^^^^^^^^^^^^^^^^^^^^
[2026-05-06T08:14:22.843+0000] {subprocess.py:93} INFO -   File "/home/airflow/.local/lib/python3.11/site-packages/pandas/io/excel/_openpyxl.py", line 553, in __init__
[2026-05-06T08:14:22.843+0000] {subprocess.py:93} INFO -     super().__init__(
[2026-05-06T08:14:22.844+0000] {subprocess.py:93} INFO -   File "/home/airflow/.local/lib/python3.11/site-packages/pandas/io/excel/_base.py", line 572, in __init__
[2026-05-06T08:14:22.845+0000] {subprocess.py:93} INFO -     self.handles = get_handle(
[2026-05-06T08:14:22.846+0000] {subprocess.py:93} INFO -                    ^^^^^^^^^^^
[2026-05-06T08:14:22.847+0000] {subprocess.py:93} INFO -   File "/home/airflow/.local/lib/python3.11/site-packages/pandas/io/common.py", line 872, in get_handle
[2026-05-06T08:14:22.848+0000] {subprocess.py:93} INFO -     handle = open(handle, ioargs.mode)
[2026-05-06T08:14:22.848+0000] {subprocess.py:93} INFO -              ^^^^^^^^^^^^^^^^^^^^^^^^^
[2026-05-06T08:14:22.849+0000] {subprocess.py:93} INFO - FileNotFoundError: [Errno 2] No such file or directory: 'C:\\Users\\BM\\OneDrive\\Desktop\\Python_projects\\Algo_models\\Movers_Rangers\\Symbols_data\\FNO Stocks - All F&O Stocks List.xlsx'
[2026-05-06T08:14:23.051+0000] {subprocess.py:97} INFO - Command exited with return code 1
[2026-05-06T08:14:23.053+0000] {taskinstance.py:441} INFO - ::group::Post task execution logs
[2026-05-06T08:14:23.074+0000] {taskinstance.py:2905} ERROR - Task failed with exception
Traceback (most recent call last):
  File "/home/airflow/.local/lib/python3.11/site-packages/airflow/models/taskinstance.py", line 465, in _execute_task
    result = _execute_callable(context=context, **execute_callable_kwargs)
             ^^^^^^^^^^^^^^^^^^^^^^^^^^^^^^^^^^^^^^^^^^^^^^^^^^^^^^^^^^^^^
  File "/home/airflow/.local/lib/python3.11/site-packages/airflow/models/taskinstance.py", line 432, in _execute_callable
    return execute_callable(context=context, **execute_callable_kwargs)
           ^^^^^^^^^^^^^^^^^^^^^^^^^^^^^^^^^^^^^^^^^^^^^^^^^^^^^^^^^^^^
  File "/home/airflow/.local/lib/python3.11/site-packages/airflow/models/baseoperator.py", line 401, in wrapper
    return func(self, *args, **kwargs)
           ^^^^^^^^^^^^^^^^^^^^^^^^^^^
  File "/home/airflow/.local/lib/python3.11/site-packages/airflow/operators/bash.py", line 243, in execute
    raise AirflowException(
airflow.exceptions.AirflowException: Bash command failed. The command returned a non-zero exit code 1.
[2026-05-06T08:14:23.080+0000] {taskinstance.py:1206} INFO - Marking task as UP_FOR_RETRY. dag_id=eod_pipeline, task_id=kite_ingest, run_id=manual__2026-05-06T08:14:18.431919+00:00, execution_date=20260506T081418, start_date=20260506T081419, end_date=20260506T081423
[2026-05-06T08:14:23.106+0000] {standard_task_runner.py:110} ERROR - Failed to execute job 5 for task kite_ingest (Bash command failed. The command returned a non-zero exit code 1.; 199)
[2026-05-06T08:14:23.151+0000] {local_task_job_runner.py:240} INFO - Task exited with return code 1
[2026-05-06T08:14:23.188+0000] {taskinstance.py:3503} INFO - 0 downstream tasks scheduled from follow-on schedule check
[2026-05-06T08:14:23.192+0000] {local_task_job_runner.py:222} INFO - ::endgroup::
