[2026-05-06T08:25:12.748+0000] {local_task_job_runner.py:120} INFO - ::group::Pre task execution logs
[2026-05-06T08:25:12.816+0000] {taskinstance.py:2076} INFO - Dependencies all met for dep_context=non-requeueable deps ti=<TaskInstance: eod_pipeline.dbt_run manual__2026-05-06T08:24:43.402730+00:00 [queued]>
[2026-05-06T08:25:12.835+0000] {taskinstance.py:2076} INFO - Dependencies all met for dep_context=requeueable deps ti=<TaskInstance: eod_pipeline.dbt_run manual__2026-05-06T08:24:43.402730+00:00 [queued]>
[2026-05-06T08:25:12.837+0000] {taskinstance.py:2306} INFO - Starting attempt 1 of 2
[2026-05-06T08:25:12.861+0000] {taskinstance.py:2330} INFO - Executing <Task(BashOperator): dbt_run> on 2026-05-06 08:24:43.402730+00:00
[2026-05-06T08:25:12.875+0000] {standard_task_runner.py:63} INFO - Started process 199 to run task
[2026-05-06T08:25:12.882+0000] {standard_task_runner.py:90} INFO - Running: ['airflow', 'tasks', 'run', 'eod_pipeline', 'dbt_run', 'manual__2026-05-06T08:24:43.402730+00:00', '--job-id', '10', '--raw', '--subdir', 'DAGS_FOLDER/eod_pipeline.py', '--cfg-path', '/tmp/tmpu5d0f0_l']
[2026-05-06T08:25:12.887+0000] {standard_task_runner.py:91} INFO - Job 10: Subtask dbt_run
[2026-05-06T08:25:13.027+0000] {task_command.py:426} INFO - Running <TaskInstance: eod_pipeline.dbt_run manual__2026-05-06T08:24:43.402730+00:00 [running]> on host 8dfb9515d64b
[2026-05-06T08:25:13.450+0000] {taskinstance.py:2648} INFO - Exporting env vars: AIRFLOW_CTX_DAG_OWNER='bhavya' AIRFLOW_CTX_DAG_ID='eod_pipeline' AIRFLOW_CTX_TASK_ID='dbt_run' AIRFLOW_CTX_EXECUTION_DATE='2026-05-06T08:24:43.402730+00:00' AIRFLOW_CTX_TRY_NUMBER='1' AIRFLOW_CTX_DAG_RUN_ID='manual__2026-05-06T08:24:43.402730+00:00'
[2026-05-06T08:25:13.452+0000] {taskinstance.py:430} INFO - ::endgroup::
[2026-05-06T08:25:13.475+0000] {subprocess.py:63} INFO - Tmp dir root location: /tmp
[2026-05-06T08:25:13.478+0000] {subprocess.py:75} INFO - Running command: ['/usr/bin/bash', '-c', 'cd /opt/airflow/dbt && dbt run --profiles-dir /opt/airflow/dbt']
[2026-05-06T08:25:13.504+0000] {subprocess.py:86} INFO - Output:
[2026-05-06T08:25:18.229+0000] {subprocess.py:93} INFO - [0m08:25:18  Running with dbt=1.11.8
[2026-05-06T08:25:18.842+0000] {subprocess.py:93} INFO - [0m08:25:18  Registered adapter: postgres=1.10.0
[2026-05-06T08:25:19.171+0000] {subprocess.py:93} INFO - [0m08:25:19  Unable to do partial parsing because profile has changed
[2026-05-06T08:25:21.199+0000] {subprocess.py:93} INFO - [0m08:25:21  Found 4 models, 1 source, 466 macros
[2026-05-06T08:25:21.209+0000] {subprocess.py:93} INFO - [0m08:25:21
[2026-05-06T08:25:21.213+0000] {subprocess.py:93} INFO - [0m08:25:21  Concurrency: 1 threads (target='dev')
[2026-05-06T08:25:21.215+0000] {subprocess.py:93} INFO - [0m08:25:21
[2026-05-06T08:25:21.536+0000] {subprocess.py:93} INFO - [0m08:25:21  1 of 4 START sql view model staging.stg_eod_prices ............................. [RUN]
[2026-05-06T08:25:21.801+0000] {subprocess.py:93} INFO - [0m08:25:21  1 of 4 OK created sql view model staging.stg_eod_prices ........................ [[32mCREATE VIEW[0m in 0.26s]
[2026-05-06T08:25:21.811+0000] {subprocess.py:93} INFO - [0m08:25:21  2 of 4 START sql table model marts.mart_eod_returns ............................ [RUN]
[2026-05-06T08:25:22.080+0000] {subprocess.py:93} INFO - [0m08:25:22  2 of 4 OK created sql table model marts.mart_eod_returns ....................... [[32mSELECT 135[0m in 0.26s]
[2026-05-06T08:25:22.089+0000] {subprocess.py:93} INFO - [0m08:25:22  3 of 4 START sql table model marts.mart_moving_averages ........................ [RUN]
[2026-05-06T08:25:22.300+0000] {subprocess.py:93} INFO - [0m08:25:22  3 of 4 OK created sql table model marts.mart_moving_averages ................... [[32mSELECT 135[0m in 0.20s]
[2026-05-06T08:25:22.308+0000] {subprocess.py:93} INFO - [0m08:25:22  4 of 4 START sql table model marts.mart_volatility ............................. [RUN]
[2026-05-06T08:25:22.502+0000] {subprocess.py:93} INFO - [0m08:25:22  4 of 4 OK created sql table model marts.mart_volatility ........................ [[32mSELECT 135[0m in 0.19s]
[2026-05-06T08:25:22.547+0000] {subprocess.py:93} INFO - [0m08:25:22
[2026-05-06T08:25:22.550+0000] {subprocess.py:93} INFO - [0m08:25:22  Finished running 3 table models, 1 view model in 0 hours 0 minutes and 1.33 seconds (1.33s).
[2026-05-06T08:25:22.706+0000] {subprocess.py:93} INFO - [0m08:25:22
[2026-05-06T08:25:22.709+0000] {subprocess.py:93} INFO - [0m08:25:22  [32mCompleted successfully[0m
[2026-05-06T08:25:22.712+0000] {subprocess.py:93} INFO - [0m08:25:22
[2026-05-06T08:25:22.715+0000] {subprocess.py:93} INFO - [0m08:25:22  Done. PASS=4 WARN=0 ERROR=0 SKIP=0 NO-OP=0 TOTAL=4
[2026-05-06T08:25:25.458+0000] {subprocess.py:97} INFO - Command exited with return code 0
[2026-05-06T08:25:25.461+0000] {taskinstance.py:441} INFO - ::group::Post task execution logs
[2026-05-06T08:25:25.551+0000] {taskinstance.py:1206} INFO - Marking task as SUCCESS. dag_id=eod_pipeline, task_id=dbt_run, run_id=manual__2026-05-06T08:24:43.402730+00:00, execution_date=20260506T082443, start_date=20260506T082512, end_date=20260506T082525
[2026-05-06T08:25:25.662+0000] {local_task_job_runner.py:240} INFO - Task exited with return code 0
[2026-05-06T08:25:25.698+0000] {taskinstance.py:3503} INFO - 0 downstream tasks scheduled from follow-on schedule check
[2026-05-06T08:25:25.703+0000] {local_task_job_runner.py:222} INFO - ::endgroup::
