[2026-05-06T08:46:22.706+0000] {local_task_job_runner.py:120} INFO - ::group::Pre task execution logs
[2026-05-06T08:46:22.779+0000] {taskinstance.py:2076} INFO - Dependencies all met for dep_context=non-requeueable deps ti=<TaskInstance: eod_pipeline.kite_ingest manual__2026-05-06T08:46:20.856579+00:00 [queued]>
[2026-05-06T08:46:22.798+0000] {taskinstance.py:2076} INFO - Dependencies all met for dep_context=requeueable deps ti=<TaskInstance: eod_pipeline.kite_ingest manual__2026-05-06T08:46:20.856579+00:00 [queued]>
[2026-05-06T08:46:22.807+0000] {taskinstance.py:2306} INFO - Starting attempt 1 of 2
[2026-05-06T08:46:22.830+0000] {taskinstance.py:2330} INFO - Executing <Task(BashOperator): kite_ingest> on 2026-05-06 08:46:20.856579+00:00
[2026-05-06T08:46:22.843+0000] {standard_task_runner.py:63} INFO - Started process 217 to run task
[2026-05-06T08:46:22.853+0000] {standard_task_runner.py:90} INFO - Running: ['airflow', 'tasks', 'run', 'eod_pipeline', 'kite_ingest', 'manual__2026-05-06T08:46:20.856579+00:00', '--job-id', '13', '--raw', '--subdir', 'DAGS_FOLDER/eod_pipeline.py', '--cfg-path', '/tmp/tmpxhg6djgt']
[2026-05-06T08:46:22.859+0000] {standard_task_runner.py:91} INFO - Job 13: Subtask kite_ingest
[2026-05-06T08:46:23.019+0000] {task_command.py:426} INFO - Running <TaskInstance: eod_pipeline.kite_ingest manual__2026-05-06T08:46:20.856579+00:00 [running]> on host 5dca028b968f
[2026-05-06T08:46:23.428+0000] {taskinstance.py:2648} INFO - Exporting env vars: AIRFLOW_CTX_DAG_OWNER='bhavya' AIRFLOW_CTX_DAG_ID='eod_pipeline' AIRFLOW_CTX_TASK_ID='kite_ingest' AIRFLOW_CTX_EXECUTION_DATE='2026-05-06T08:46:20.856579+00:00' AIRFLOW_CTX_TRY_NUMBER='1' AIRFLOW_CTX_DAG_RUN_ID='manual__2026-05-06T08:46:20.856579+00:00'
[2026-05-06T08:46:23.430+0000] {taskinstance.py:430} INFO - ::endgroup::
[2026-05-06T08:46:23.450+0000] {subprocess.py:63} INFO - Tmp dir root location: /tmp
[2026-05-06T08:46:23.452+0000] {subprocess.py:75} INFO - Running command: ['/usr/bin/bash', '-c', 'python /opt/airflow/scripts/kite_ingest.py']
[2026-05-06T08:46:23.478+0000] {subprocess.py:86} INFO - Output:
[2026-05-06T08:46:38.881+0000] {subprocess.py:93} INFO - Fetching EOD for 135 stocks on 2026-05-06.
[2026-05-06T08:46:38.883+0000] {subprocess.py:93} INFO - Fetched: 135 | Failed: 0
[2026-05-06T08:46:38.886+0000] {subprocess.py:93} INFO - Data inserted into raw.eod_prices.
[2026-05-06T08:46:39.319+0000] {subprocess.py:97} INFO - Command exited with return code 0
[2026-05-06T08:46:39.322+0000] {taskinstance.py:441} INFO - ::group::Post task execution logs
[2026-05-06T08:46:39.397+0000] {taskinstance.py:1206} INFO - Marking task as SUCCESS. dag_id=eod_pipeline, task_id=kite_ingest, run_id=manual__2026-05-06T08:46:20.856579+00:00, execution_date=20260506T084620, start_date=20260506T084622, end_date=20260506T084639
[2026-05-06T08:46:39.492+0000] {local_task_job_runner.py:240} INFO - Task exited with return code 0
[2026-05-06T08:46:39.535+0000] {taskinstance.py:3503} INFO - 1 downstream tasks scheduled from follow-on schedule check
[2026-05-06T08:46:39.547+0000] {local_task_job_runner.py:222} INFO - ::endgroup::
